Using pre-set license
Built from '2021.1/staging' branch; Version is '2021.1.22f1 (a137e5fb0427) revision 10565605'; Using compiler version '192528614'; Build Type 'Release'
OS: 'Windows 10 Home Single Language; OS build 19044.1586; Version 2009; 64bit' Language: 'es' Physical Memory: 14260 MB
BatchMode: 1, IsHumanControllingUs: 0, StartBugReporterOnCrash: 0, Is64bit: 1, IsPro: 0

COMMAND LINE ARGUMENTS:
D:\UnityProjects\2021.1.22f1\Editor\Unity.exe
-adb2
-batchMode
-noUpm
-name
AssetImportWorker1
-projectPath
D:/UnityProjects/ColonyGame
-logFile
Logs/AssetImportWorker1.log
-srvPort
59864
Successfully changed project path to: D:/UnityProjects/ColonyGame
D:/UnityProjects/ColonyGame
Using Asset Import Pipeline V2.
Refreshing native plugins compatible for Editor in 229.82 ms, found 4 plugins.
Preloading 0 native plugins for Editor in 0.00 ms.
Initialize engine version: 2021.1.22f1 (a137e5fb0427)
[Subsystems] Discovering subsystems at path D:/UnityProjects/2021.1.22f1/Editor/Data/Resources/UnitySubsystems
[Subsystems] Discovering subsystems at path D:/UnityProjects/ColonyGame/Assets
GfxDevice: creating device client; threaded=0; jobified=0
Direct3D:
    Version:  Direct3D 11.0 [level 11.1]
    Renderer: AMD Radeon(TM) RX Vega 11 Graphics (ID=0x15dd)
    Vendor:   ATI
    VRAM:     7130 MB
    Driver:   27.20.14535.1000
Initialize mono
Mono path[0] = 'D:/UnityProjects/2021.1.22f1/Editor/Data/Managed'
Mono path[1] = 'D:/UnityProjects/2021.1.22f1/Editor/Data/MonoBleedingEdge/lib/mono/unityjit'
Mono config path = 'D:/UnityProjects/2021.1.22f1/Editor/Data/MonoBleedingEdge/etc'
Using monoOptions --debugger-agent=transport=dt_socket,embedding=1,server=y,suspend=n,address=127.0.0.1:56708
Begin MonoManager ReloadAssembly
Registering precompiled unity dll's ...
Register platform support module: D:/UnityProjects/2021.1.22f1/Editor/Data/PlaybackEngines/WindowsStandaloneSupport/UnityEditor.WindowsStandalone.Extensions.dll
Registered in 0.001258 seconds.
Native extension for WindowsStandalone target not found
Refreshing native plugins compatible for Editor in 207.82 ms, found 4 plugins.
Preloading 0 native plugins for Editor in 0.00 ms.
Mono: successfully reloaded assembly
- Completed reload, in  2.195 seconds
Domain Reload Profiling:
	ReloadAssembly (2195ms)
		BeginReloadAssembly (101ms)
			ExecutionOrderSort (0ms)
			DisableScriptedObjects (0ms)
			BackupInstance (0ms)
			ReleaseScriptingObjects (0ms)
			CreateAndSetChildDomain (1ms)
		EndReloadAssembly (755ms)
			LoadAssemblies (99ms)
			RebuildTransferFunctionScriptingTraits (0ms)
			SetupTypeCache (239ms)
			ReleaseScriptCaches (0ms)
			RebuildScriptCaches (42ms)
			SetupLoadedEditorAssemblies (411ms)
				LogAssemblyErrors (0ms)
				InitializePlatformSupportModulesInManaged (7ms)
				SetLoadedEditorAssemblies (0ms)
				RefreshPlugins (208ms)
				BeforeProcessingInitializeOnLoad (4ms)
				ProcessInitializeOnLoadAttributes (149ms)
				ProcessInitializeOnLoadMethodAttributes (43ms)
				AfterProcessingInitializeOnLoad (0ms)
				EditorAssembliesLoaded (0ms)
			ExecutionOrderSort2 (0ms)
			AwakeInstancesAfterBackupRestoration (0ms)
Platform modules already initialized, skipping
Registering precompiled user dll's ...
Registered in 0.006297 seconds.
Begin MonoManager ReloadAssembly
Symbol file LoadedFromMemory doesn't match image D:\UnityProjects\ColonyGame\Library\PackageCache\com.unity.visualscripting@1.6.1\Editor\VisualScripting.Core\Dependencies\YamlDotNet\Unity.VisualScripting.YamlDotNet.dll
Symbol file LoadedFromMemory doesn't match image D:\UnityProjects\ColonyGame\Library\PackageCache\com.unity.visualscripting@1.6.1\Editor\VisualScripting.Core\Dependencies\DotNetZip\Unity.VisualScripting.IonicZip.dll
Native extension for WindowsStandalone target not found
Refreshing native plugins compatible for Editor in 260.93 ms, found 4 plugins.
Preloading 0 native plugins for Editor in 0.00 ms.
Mono: successfully reloaded assembly
- Completed reload, in  2.159 seconds
Domain Reload Profiling:
	ReloadAssembly (2160ms)
		BeginReloadAssembly (225ms)
			ExecutionOrderSort (0ms)
			DisableScriptedObjects (9ms)
			BackupInstance (0ms)
			ReleaseScriptingObjects (0ms)
			CreateAndSetChildDomain (30ms)
		EndReloadAssembly (1849ms)
			LoadAssemblies (142ms)
			RebuildTransferFunctionScriptingTraits (0ms)
			SetupTypeCache (594ms)
			ReleaseScriptCaches (1ms)
			RebuildScriptCaches (91ms)
			SetupLoadedEditorAssemblies (875ms)
				LogAssemblyErrors (0ms)
				InitializePlatformSupportModulesInManaged (6ms)
				SetLoadedEditorAssemblies (0ms)
				RefreshPlugins (261ms)
				BeforeProcessingInitializeOnLoad (141ms)
				ProcessInitializeOnLoadAttributes (434ms)
				ProcessInitializeOnLoadMethodAttributes (28ms)
				AfterProcessingInitializeOnLoad (4ms)
				EditorAssembliesLoaded (0ms)
			ExecutionOrderSort2 (0ms)
			AwakeInstancesAfterBackupRestoration (11ms)
Platform modules already initialized, skipping
========================================================================
Worker process is ready to serve import requests
Launched and connected shader compiler UnityShaderCompiler.exe after 0.07 seconds
Refreshing native plugins compatible for Editor in 1.65 ms, found 4 plugins.
Preloading 0 native plugins for Editor in 0.00 ms.
Unloading 5288 Unused Serialized files (Serialized files now loaded: 0)
System memory in use before: 225.8 MB.
System memory in use after: 226.2 MB.

Unloading 32 unused Assets to reduce memory usage. Loaded Objects now: 5763.
Total: 6.857200 ms (FindLiveObjects: 0.817900 ms CreateObjectMapping: 0.649800 ms MarkObjects: 5.353700 ms  DeleteObjects: 0.033900 ms)

AssetImportParameters requested are different than current active one (requested -> active):
  custom:framework-win-MediaFoundation: 216162199b28c13a410421893ffa2e32 -> 
  custom:video-decoder-ogg-theora: a1e56fd34408186e4bbccfd4996cb3dc -> 
  custom:container-muxer-webm: aa71ff27fc2769a1b78a27578f13a17b -> 
  custom:container-demuxer-webm: 4f35f7cbe854078d1ac9338744f61a02 -> 
  custom:container-demuxer-ogg: 62fdf1f143b41e24485cea50d1cbac27 -> 
  custom:video-encoder-webm-vp8: eb34c28f22e8b96e1ab97ce403110664 -> 
  custom:video-decoder-webm-vp8: 9c59270c3fd7afecdb556c50c9e8de78 -> 
  custom:audio-decoder-ogg-vorbis: bf7c407c2cedff20999df2af8eb42d56 -> 
  custom:audio-encoder-webm-vorbis: bf7c407c2cedff20999df2af8eb42d56 -> 
========================================================================
Received Import Request.
  path: Assets/_Sprites/TileSprites/Dirt_B_1.png
  artifactKey: Guid(ec27688b14c9e6b439e2b2c1b6813bd4) Importer(815301076,1909f56bfc062723c751e8b465ee728b)
Start importing Assets/_Sprites/TileSprites/Dirt_B_1.png using Guid(ec27688b14c9e6b439e2b2c1b6813bd4) Importer(815301076,1909f56bfc062723c751e8b465ee728b)  -> (artifact id: '1500bb6525ba17a69c526da87cc288f2') in 0.152666 seconds 
========================================================================
Received Import Request.
  Time since last request: 0.000271 seconds.
  path: Assets/_Sprites/TileSprites/Dirt_B_2.png
  artifactKey: Guid(faea0f9a9fa6bc745be6aee6efd94f65) Importer(815301076,1909f56bfc062723c751e8b465ee728b)
Start importing Assets/_Sprites/TileSprites/Dirt_B_2.png using Guid(faea0f9a9fa6bc745be6aee6efd94f65) Importer(815301076,1909f56bfc062723c751e8b465ee728b)  -> (artifact id: 'a2255f12fc2d9443ab702fa4f2d5fe88') in 0.041407 seconds 
========================================================================
Received Import Request.
  Time since last request: 0.283124 seconds.
  path: Assets/_Sprites/TileSprites/Dirt_B_1.png
  artifactKey: Guid(ec27688b14c9e6b439e2b2c1b6813bd4) Importer(815301076,1909f56bfc062723c751e8b465ee728b)
Start importing Assets/_Sprites/TileSprites/Dirt_B_1.png using Guid(ec27688b14c9e6b439e2b2c1b6813bd4) Importer(815301076,1909f56bfc062723c751e8b465ee728b)  -> (artifact id: '9f4e520fd250a8d43685b424929811d5') in 0.026408 seconds 
========================================================================
Received Import Request.
  Time since last request: 11.586542 seconds.
  path: Assets/_Sprites/TileSprites/Dirt_B_2.png
  artifactKey: Guid(faea0f9a9fa6bc745be6aee6efd94f65) Importer(815301076,1909f56bfc062723c751e8b465ee728b)
Start importing Assets/_Sprites/TileSprites/Dirt_B_2.png using Guid(faea0f9a9fa6bc745be6aee6efd94f65) Importer(815301076,1909f56bfc062723c751e8b465ee728b)  -> (artifact id: '3d9b59b13d40df11f9cc32886e194b4f') in 0.021540 seconds 
========================================================================
Received Import Request.
  Time since last request: 2.273886 seconds.
  path: Assets/_Sprites/TileSprites/Dirt_B_3.png
  artifactKey: Guid(af8a1dedb85ae914f8b5d16341088f8f) Importer(815301076,1909f56bfc062723c751e8b465ee728b)
Start importing Assets/_Sprites/TileSprites/Dirt_B_3.png using Guid(af8a1dedb85ae914f8b5d16341088f8f) Importer(815301076,1909f56bfc062723c751e8b465ee728b)  -> (artifact id: 'aeb7c676464129c242f5d26de593f89d') in 0.021490 seconds 
========================================================================
Received Import Request.
  Time since last request: 7.066738 seconds.
  path: Assets/_Sprites/TileSprites/Dirt_B_3.png
  artifactKey: Guid(af8a1dedb85ae914f8b5d16341088f8f) Importer(815301076,1909f56bfc062723c751e8b465ee728b)
Start importing Assets/_Sprites/TileSprites/Dirt_B_3.png using Guid(af8a1dedb85ae914f8b5d16341088f8f) Importer(815301076,1909f56bfc062723c751e8b465ee728b)  -> (artifact id: '628d9e2c1db26fd61c1ce05f73290cf4') in 0.022256 seconds 
========================================================================
Received Import Request.
  Time since last request: 52.256780 seconds.
  path: Assets/_Tiles_Own/DirtA.asset
  artifactKey: Guid(7410736584c02f84e92d913c8e25b461) Importer(815301076,1909f56bfc062723c751e8b465ee728b)
Start importing Assets/_Tiles_Own/DirtA.asset using Guid(7410736584c02f84e92d913c8e25b461) Importer(815301076,1909f56bfc062723c751e8b465ee728b)  -> (artifact id: '7dd6ad2fb60733bcac1d28c8064813c9') in 0.017890 seconds 
========================================================================
Received Import Request.
  Time since last request: 15.556404 seconds.
  path: Assets/_Tiles_Own/DirtB.asset
  artifactKey: Guid(ad5eead6a4f25584883065c7073f7056) Importer(815301076,1909f56bfc062723c751e8b465ee728b)
Start importing Assets/_Tiles_Own/DirtB.asset using Guid(ad5eead6a4f25584883065c7073f7056) Importer(815301076,1909f56bfc062723c751e8b465ee728b)  -> (artifact id: 'ab587ce85e96d60a69b1c93291b48fb9') in 0.009019 seconds 
========================================================================
Received Prepare
Registering precompiled user dll's ...
Registered in 0.009170 seconds.
Begin MonoManager ReloadAssembly
Symbol file LoadedFromMemory doesn't match image D:\UnityProjects\ColonyGame\Library\PackageCache\com.unity.visualscripting@1.6.1\Editor\VisualScripting.Core\Dependencies\YamlDotNet\Unity.VisualScripting.YamlDotNet.dll
Symbol file LoadedFromMemory doesn't match image D:\UnityProjects\ColonyGame\Library\PackageCache\com.unity.visualscripting@1.6.1\Editor\VisualScripting.Core\Dependencies\DotNetZip\Unity.VisualScripting.IonicZip.dll
Native extension for WindowsStandalone target not found
Refreshing native plugins compatible for Editor in 1.44 ms, found 4 plugins.
Preloading 0 native plugins for Editor in 0.00 ms.
Mono: successfully reloaded assembly
- Completed reload, in  2.009 seconds
Domain Reload Profiling:
	ReloadAssembly (2009ms)
		BeginReloadAssembly (201ms)
			ExecutionOrderSort (0ms)
			DisableScriptedObjects (11ms)
			BackupInstance (0ms)
			ReleaseScriptingObjects (0ms)
			CreateAndSetChildDomain (64ms)
		EndReloadAssembly (1713ms)
			LoadAssemblies (165ms)
			RebuildTransferFunctionScriptingTraits (0ms)
			SetupTypeCache (649ms)
			ReleaseScriptCaches (2ms)
			RebuildScriptCaches (88ms)
			SetupLoadedEditorAssemblies (600ms)
				LogAssemblyErrors (0ms)
				InitializePlatformSupportModulesInManaged (9ms)
				SetLoadedEditorAssemblies (1ms)
				RefreshPlugins (2ms)
				BeforeProcessingInitializeOnLoad (113ms)
				ProcessInitializeOnLoadAttributes (453ms)
				ProcessInitializeOnLoadMethodAttributes (19ms)
				AfterProcessingInitializeOnLoad (4ms)
				EditorAssembliesLoaded (0ms)
			ExecutionOrderSort2 (0ms)
			AwakeInstancesAfterBackupRestoration (24ms)
Platform modules already initialized, skipping
Refreshing native plugins compatible for Editor in 1.90 ms, found 4 plugins.
Preloading 0 native plugins for Editor in 0.00 ms.
Unloading 5174 Unused Serialized files (Serialized files now loaded: 0)
System memory in use before: 224.9 MB.
System memory in use after: 225.4 MB.

Unloading 19 unused Assets to reduce memory usage. Loaded Objects now: 5859.
Total: 7.074400 ms (FindLiveObjects: 0.519900 ms CreateObjectMapping: 0.253500 ms MarkObjects: 6.269700 ms  DeleteObjects: 0.029900 ms)

AssetImportParameters requested are different than current active one (requested -> active):
  custom:framework-win-MediaFoundation: 216162199b28c13a410421893ffa2e32 -> 
  custom:video-decoder-ogg-theora: a1e56fd34408186e4bbccfd4996cb3dc -> 
  custom:container-muxer-webm: aa71ff27fc2769a1b78a27578f13a17b -> 
  custom:container-demuxer-webm: 4f35f7cbe854078d1ac9338744f61a02 -> 
  custom:container-demuxer-ogg: 62fdf1f143b41e24485cea50d1cbac27 -> 
  custom:video-encoder-webm-vp8: eb34c28f22e8b96e1ab97ce403110664 -> 
  custom:video-decoder-webm-vp8: 9c59270c3fd7afecdb556c50c9e8de78 -> 
  custom:audio-decoder-ogg-vorbis: bf7c407c2cedff20999df2af8eb42d56 -> 
  custom:audio-encoder-webm-vorbis: bf7c407c2cedff20999df2af8eb42d56 -> 
========================================================================
Received Prepare
Registering precompiled user dll's ...
Registered in 0.006992 seconds.
Begin MonoManager ReloadAssembly
Symbol file LoadedFromMemory doesn't match image D:\UnityProjects\ColonyGame\Library\PackageCache\com.unity.visualscripting@1.6.1\Editor\VisualScripting.Core\Dependencies\YamlDotNet\Unity.VisualScripting.YamlDotNet.dll
Symbol file LoadedFromMemory doesn't match image D:\UnityProjects\ColonyGame\Library\PackageCache\com.unity.visualscripting@1.6.1\Editor\VisualScripting.Core\Dependencies\DotNetZip\Unity.VisualScripting.IonicZip.dll
Native extension for WindowsStandalone target not found
Refreshing native plugins compatible for Editor in 2.31 ms, found 4 plugins.
Preloading 0 native plugins for Editor in 0.00 ms.
Mono: successfully reloaded assembly
- Completed reload, in  1.949 seconds
Domain Reload Profiling:
	ReloadAssembly (1950ms)
		BeginReloadAssembly (190ms)
			ExecutionOrderSort (0ms)
			DisableScriptedObjects (15ms)
			BackupInstance (0ms)
			ReleaseScriptingObjects (0ms)
			CreateAndSetChildDomain (61ms)
		EndReloadAssembly (1648ms)
			LoadAssemblies (138ms)
			RebuildTransferFunctionScriptingTraits (0ms)
			SetupTypeCache (647ms)
			ReleaseScriptCaches (3ms)
			RebuildScriptCaches (82ms)
			SetupLoadedEditorAssemblies (587ms)
				LogAssemblyErrors (0ms)
				InitializePlatformSupportModulesInManaged (7ms)
				SetLoadedEditorAssemblies (1ms)
				RefreshPlugins (2ms)
				BeforeProcessingInitializeOnLoad (107ms)
				ProcessInitializeOnLoadAttributes (454ms)
				ProcessInitializeOnLoadMethodAttributes (13ms)
				AfterProcessingInitializeOnLoad (3ms)
				EditorAssembliesLoaded (0ms)
			ExecutionOrderSort2 (0ms)
			AwakeInstancesAfterBackupRestoration (24ms)
Platform modules already initialized, skipping
Refreshing native plugins compatible for Editor in 1.42 ms, found 4 plugins.
Preloading 0 native plugins for Editor in 0.00 ms.
Unloading 5171 Unused Serialized files (Serialized files now loaded: 0)
System memory in use before: 224.9 MB.
System memory in use after: 225.3 MB.

Unloading 19 unused Assets to reduce memory usage. Loaded Objects now: 5862.
Total: 7.064600 ms (FindLiveObjects: 0.538800 ms CreateObjectMapping: 0.430000 ms MarkObjects: 6.064400 ms  DeleteObjects: 0.029300 ms)

AssetImportParameters requested are different than current active one (requested -> active):
  custom:framework-win-MediaFoundation: 216162199b28c13a410421893ffa2e32 -> 
  custom:video-decoder-ogg-theora: a1e56fd34408186e4bbccfd4996cb3dc -> 
  custom:container-muxer-webm: aa71ff27fc2769a1b78a27578f13a17b -> 
  custom:container-demuxer-webm: 4f35f7cbe854078d1ac9338744f61a02 -> 
  custom:container-demuxer-ogg: 62fdf1f143b41e24485cea50d1cbac27 -> 
  custom:video-encoder-webm-vp8: eb34c28f22e8b96e1ab97ce403110664 -> 
  custom:video-decoder-webm-vp8: 9c59270c3fd7afecdb556c50c9e8de78 -> 
  custom:audio-decoder-ogg-vorbis: bf7c407c2cedff20999df2af8eb42d56 -> 
  custom:audio-encoder-webm-vorbis: bf7c407c2cedff20999df2af8eb42d56 -> 
========================================================================
Received Prepare
Registering precompiled user dll's ...
Registered in 0.004951 seconds.
Begin MonoManager ReloadAssembly
Symbol file LoadedFromMemory doesn't match image D:\UnityProjects\ColonyGame\Library\PackageCache\com.unity.visualscripting@1.6.1\Editor\VisualScripting.Core\Dependencies\YamlDotNet\Unity.VisualScripting.YamlDotNet.dll
Symbol file LoadedFromMemory doesn't match image D:\UnityProjects\ColonyGame\Library\PackageCache\com.unity.visualscripting@1.6.1\Editor\VisualScripting.Core\Dependencies\DotNetZip\Unity.VisualScripting.IonicZip.dll
Native extension for WindowsStandalone target not found
Refreshing native plugins compatible for Editor in 2.29 ms, found 4 plugins.
Preloading 0 native plugins for Editor in 0.00 ms.
Mono: successfully reloaded assembly
- Completed reload, in  2.004 seconds
Domain Reload Profiling:
	ReloadAssembly (2004ms)
		BeginReloadAssembly (186ms)
			ExecutionOrderSort (0ms)
			DisableScriptedObjects (13ms)
			BackupInstance (0ms)
			ReleaseScriptingObjects (0ms)
			CreateAndSetChildDomain (71ms)
		EndReloadAssembly (1724ms)
			LoadAssemblies (142ms)
			RebuildTransferFunctionScriptingTraits (0ms)
			SetupTypeCache (680ms)
			ReleaseScriptCaches (3ms)
			RebuildScriptCaches (86ms)
			SetupLoadedEditorAssemblies (607ms)
				LogAssemblyErrors (0ms)
				InitializePlatformSupportModulesInManaged (8ms)
				SetLoadedEditorAssemblies (1ms)
				RefreshPlugins (2ms)
				BeforeProcessingInitializeOnLoad (128ms)
				ProcessInitializeOnLoadAttributes (449ms)
				ProcessInitializeOnLoadMethodAttributes (15ms)
				AfterProcessingInitializeOnLoad (4ms)
				EditorAssembliesLoaded (0ms)
			ExecutionOrderSort2 (0ms)
			AwakeInstancesAfterBackupRestoration (25ms)
Platform modules already initialized, skipping
Refreshing native plugins compatible for Editor in 1.38 ms, found 4 plugins.
Preloading 0 native plugins for Editor in 0.00 ms.
Unloading 5171 Unused Serialized files (Serialized files now loaded: 0)
System memory in use before: 224.9 MB.
System memory in use after: 225.4 MB.

Unloading 19 unused Assets to reduce memory usage. Loaded Objects now: 5865.
Total: 9.849900 ms (FindLiveObjects: 0.501100 ms CreateObjectMapping: 0.241700 ms MarkObjects: 9.052400 ms  DeleteObjects: 0.052700 ms)

AssetImportParameters requested are different than current active one (requested -> active):
  custom:framework-win-MediaFoundation: 216162199b28c13a410421893ffa2e32 -> 
  custom:video-decoder-ogg-theora: a1e56fd34408186e4bbccfd4996cb3dc -> 
  custom:container-muxer-webm: aa71ff27fc2769a1b78a27578f13a17b -> 
  custom:container-demuxer-webm: 4f35f7cbe854078d1ac9338744f61a02 -> 
  custom:container-demuxer-ogg: 62fdf1f143b41e24485cea50d1cbac27 -> 
  custom:video-encoder-webm-vp8: eb34c28f22e8b96e1ab97ce403110664 -> 
  custom:video-decoder-webm-vp8: 9c59270c3fd7afecdb556c50c9e8de78 -> 
  custom:audio-decoder-ogg-vorbis: bf7c407c2cedff20999df2af8eb42d56 -> 
  custom:audio-encoder-webm-vorbis: bf7c407c2cedff20999df2af8eb42d56 -> 
========================================================================
Received Prepare
Registering precompiled user dll's ...
Registered in 0.005009 seconds.
Begin MonoManager ReloadAssembly
Symbol file LoadedFromMemory doesn't match image D:\UnityProjects\ColonyGame\Library\PackageCache\com.unity.visualscripting@1.6.1\Editor\VisualScripting.Core\Dependencies\YamlDotNet\Unity.VisualScripting.YamlDotNet.dll
Symbol file LoadedFromMemory doesn't match image D:\UnityProjects\ColonyGame\Library\PackageCache\com.unity.visualscripting@1.6.1\Editor\VisualScripting.Core\Dependencies\DotNetZip\Unity.VisualScripting.IonicZip.dll
Native extension for WindowsStandalone target not found
Refreshing native plugins compatible for Editor in 1.41 ms, found 4 plugins.
Preloading 0 native plugins for Editor in 0.00 ms.
Mono: successfully reloaded assembly
- Completed reload, in  1.949 seconds
Domain Reload Profiling:
	ReloadAssembly (1949ms)
		BeginReloadAssembly (196ms)
			ExecutionOrderSort (0ms)
			DisableScriptedObjects (12ms)
			BackupInstance (0ms)
			ReleaseScriptingObjects (0ms)
			CreateAndSetChildDomain (71ms)
		EndReloadAssembly (1655ms)
			LoadAssemblies (149ms)
			RebuildTransferFunctionScriptingTraits (0ms)
			SetupTypeCache (643ms)
			ReleaseScriptCaches (2ms)
			RebuildScriptCaches (80ms)
			SetupLoadedEditorAssemblies (575ms)
				LogAssemblyErrors (0ms)
				InitializePlatformSupportModulesInManaged (7ms)
				SetLoadedEditorAssemblies (1ms)
				RefreshPlugins (2ms)
				BeforeProcessingInitializeOnLoad (130ms)
				ProcessInitializeOnLoadAttributes (418ms)
				ProcessInitializeOnLoadMethodAttributes (14ms)
				AfterProcessingInitializeOnLoad (4ms)
				EditorAssembliesLoaded (0ms)
			ExecutionOrderSort2 (0ms)
			AwakeInstancesAfterBackupRestoration (25ms)
Platform modules already initialized, skipping
Refreshing native plugins compatible for Editor in 1.89 ms, found 4 plugins.
Preloading 0 native plugins for Editor in 0.00 ms.
Unloading 5171 Unused Serialized files (Serialized files now loaded: 0)
System memory in use before: 225.0 MB.
System memory in use after: 225.4 MB.

Unloading 19 unused Assets to reduce memory usage. Loaded Objects now: 5868.
Total: 7.136500 ms (FindLiveObjects: 0.917000 ms CreateObjectMapping: 0.518800 ms MarkObjects: 5.602100 ms  DeleteObjects: 0.096200 ms)

AssetImportParameters requested are different than current active one (requested -> active):
  custom:framework-win-MediaFoundation: 216162199b28c13a410421893ffa2e32 -> 
  custom:video-decoder-ogg-theora: a1e56fd34408186e4bbccfd4996cb3dc -> 
  custom:container-muxer-webm: aa71ff27fc2769a1b78a27578f13a17b -> 
  custom:container-demuxer-webm: 4f35f7cbe854078d1ac9338744f61a02 -> 
  custom:container-demuxer-ogg: 62fdf1f143b41e24485cea50d1cbac27 -> 
  custom:video-encoder-webm-vp8: eb34c28f22e8b96e1ab97ce403110664 -> 
  custom:video-decoder-webm-vp8: 9c59270c3fd7afecdb556c50c9e8de78 -> 
  custom:audio-decoder-ogg-vorbis: bf7c407c2cedff20999df2af8eb42d56 -> 
  custom:audio-encoder-webm-vorbis: bf7c407c2cedff20999df2af8eb42d56 -> 
========================================================================
Received Prepare
Registering precompiled user dll's ...
Registered in 0.008840 seconds.
Begin MonoManager ReloadAssembly
Symbol file LoadedFromMemory doesn't match image D:\UnityProjects\ColonyGame\Library\PackageCache\com.unity.visualscripting@1.6.1\Editor\VisualScripting.Core\Dependencies\YamlDotNet\Unity.VisualScripting.YamlDotNet.dll
Symbol file LoadedFromMemory doesn't match image D:\UnityProjects\ColonyGame\Library\PackageCache\com.unity.visualscripting@1.6.1\Editor\VisualScripting.Core\Dependencies\DotNetZip\Unity.VisualScripting.IonicZip.dll
Native extension for WindowsStandalone target not found
Refreshing native plugins compatible for Editor in 2.06 ms, found 4 plugins.
Preloading 0 native plugins for Editor in 0.00 ms.
Mono: successfully reloaded assembly
- Completed reload, in  1.926 seconds
Domain Reload Profiling:
	ReloadAssembly (1927ms)
		BeginReloadAssembly (162ms)
			ExecutionOrderSort (0ms)
			DisableScriptedObjects (12ms)
			BackupInstance (0ms)
			ReleaseScriptingObjects (0ms)
			CreateAndSetChildDomain (59ms)
		EndReloadAssembly (1674ms)
			LoadAssemblies (151ms)
			RebuildTransferFunctionScriptingTraits (0ms)
			SetupTypeCache (625ms)
			ReleaseScriptCaches (2ms)
			RebuildScriptCaches (85ms)
			SetupLoadedEditorAssemblies (598ms)
				LogAssemblyErrors (0ms)
				InitializePlatformSupportModulesInManaged (9ms)
				SetLoadedEditorAssemblies (1ms)
				RefreshPlugins (2ms)
				BeforeProcessingInitializeOnLoad (125ms)
				ProcessInitializeOnLoadAttributes (442ms)
				ProcessInitializeOnLoadMethodAttributes (14ms)
				AfterProcessingInitializeOnLoad (4ms)
				EditorAssembliesLoaded (0ms)
			ExecutionOrderSort2 (0ms)
			AwakeInstancesAfterBackupRestoration (28ms)
Platform modules already initialized, skipping
Refreshing native plugins compatible for Editor in 1.29 ms, found 4 plugins.
Preloading 0 native plugins for Editor in 0.00 ms.
Unloading 5171 Unused Serialized files (Serialized files now loaded: 0)
System memory in use before: 224.8 MB.
System memory in use after: 225.3 MB.

Unloading 19 unused Assets to reduce memory usage. Loaded Objects now: 5871.
Total: 7.052900 ms (FindLiveObjects: 0.585500 ms CreateObjectMapping: 0.487100 ms MarkObjects: 5.942600 ms  DeleteObjects: 0.035400 ms)

AssetImportParameters requested are different than current active one (requested -> active):
  custom:framework-win-MediaFoundation: 216162199b28c13a410421893ffa2e32 -> 
  custom:video-decoder-ogg-theora: a1e56fd34408186e4bbccfd4996cb3dc -> 
  custom:container-muxer-webm: aa71ff27fc2769a1b78a27578f13a17b -> 
  custom:container-demuxer-webm: 4f35f7cbe854078d1ac9338744f61a02 -> 
  custom:container-demuxer-ogg: 62fdf1f143b41e24485cea50d1cbac27 -> 
  custom:video-encoder-webm-vp8: eb34c28f22e8b96e1ab97ce403110664 -> 
  custom:video-decoder-webm-vp8: 9c59270c3fd7afecdb556c50c9e8de78 -> 
  custom:audio-decoder-ogg-vorbis: bf7c407c2cedff20999df2af8eb42d56 -> 
  custom:audio-encoder-webm-vorbis: bf7c407c2cedff20999df2af8eb42d56 -> 
========================================================================
Received Prepare
Registering precompiled user dll's ...
Registered in 0.005013 seconds.
Begin MonoManager ReloadAssembly
Symbol file LoadedFromMemory doesn't match image D:\UnityProjects\ColonyGame\Library\PackageCache\com.unity.visualscripting@1.6.1\Editor\VisualScripting.Core\Dependencies\YamlDotNet\Unity.VisualScripting.YamlDotNet.dll
Symbol file LoadedFromMemory doesn't match image D:\UnityProjects\ColonyGame\Library\PackageCache\com.unity.visualscripting@1.6.1\Editor\VisualScripting.Core\Dependencies\DotNetZip\Unity.VisualScripting.IonicZip.dll
Native extension for WindowsStandalone target not found
Refreshing native plugins compatible for Editor in 1.65 ms, found 4 plugins.
Preloading 0 native plugins for Editor in 0.00 ms.
Mono: successfully reloaded assembly
- Completed reload, in  1.952 seconds
Domain Reload Profiling:
	ReloadAssembly (1953ms)
		BeginReloadAssembly (180ms)
			ExecutionOrderSort (0ms)
			DisableScriptedObjects (12ms)
			BackupInstance (0ms)
			ReleaseScriptingObjects (0ms)
			CreateAndSetChildDomain (61ms)
		EndReloadAssembly (1646ms)
			LoadAssemblies (139ms)
			RebuildTransferFunctionScriptingTraits (0ms)
			SetupTypeCache (604ms)
			ReleaseScriptCaches (3ms)
			RebuildScriptCaches (74ms)
			SetupLoadedEditorAssemblies (647ms)
				LogAssemblyErrors (0ms)
				InitializePlatformSupportModulesInManaged (7ms)
				SetLoadedEditorAssemblies (1ms)
				RefreshPlugins (2ms)
				BeforeProcessingInitializeOnLoad (106ms)
				ProcessInitializeOnLoadAttributes (517ms)
				ProcessInitializeOnLoadMethodAttributes (12ms)
				AfterProcessingInitializeOnLoad (3ms)
				EditorAssembliesLoaded (0ms)
			ExecutionOrderSort2 (0ms)
			AwakeInstancesAfterBackupRestoration (25ms)
Platform modules already initialized, skipping
Refreshing native plugins compatible for Editor in 1.27 ms, found 4 plugins.
Preloading 0 native plugins for Editor in 0.00 ms.
Unloading 5171 Unused Serialized files (Serialized files now loaded: 0)
System memory in use before: 225.0 MB.
System memory in use after: 225.5 MB.

Unloading 19 unused Assets to reduce memory usage. Loaded Objects now: 5874.
Total: 8.678900 ms (FindLiveObjects: 1.386200 ms CreateObjectMapping: 0.328800 ms MarkObjects: 6.889700 ms  DeleteObjects: 0.067200 ms)

AssetImportParameters requested are different than current active one (requested -> active):
  custom:framework-win-MediaFoundation: 216162199b28c13a410421893ffa2e32 -> 
  custom:video-decoder-ogg-theora: a1e56fd34408186e4bbccfd4996cb3dc -> 
  custom:container-muxer-webm: aa71ff27fc2769a1b78a27578f13a17b -> 
  custom:container-demuxer-webm: 4f35f7cbe854078d1ac9338744f61a02 -> 
  custom:container-demuxer-ogg: 62fdf1f143b41e24485cea50d1cbac27 -> 
  custom:video-encoder-webm-vp8: eb34c28f22e8b96e1ab97ce403110664 -> 
  custom:video-decoder-webm-vp8: 9c59270c3fd7afecdb556c50c9e8de78 -> 
  custom:audio-decoder-ogg-vorbis: bf7c407c2cedff20999df2af8eb42d56 -> 
  custom:audio-encoder-webm-vorbis: bf7c407c2cedff20999df2af8eb42d56 -> 
========================================================================
Received Import Request.
  Time since last request: 246.318195 seconds.
  path: Assets/_Sprites/TileSprites/Dirt_C_1.png
  artifactKey: Guid(d5555922937c1504ea4effcde5e87c85) Importer(815301076,1909f56bfc062723c751e8b465ee728b)
Start importing Assets/_Sprites/TileSprites/Dirt_C_1.png using Guid(d5555922937c1504ea4effcde5e87c85) Importer(815301076,1909f56bfc062723c751e8b465ee728b)  -> (artifact id: '0c8dfd44f48fe984f0c5765fe23b83ea') in 0.076549 seconds 
========================================================================
Received Import Request.
  Time since last request: 7.188180 seconds.
  path: Assets/_Sprites/TileSprites/Dirt_C_1.png
  artifactKey: Guid(d5555922937c1504ea4effcde5e87c85) Importer(815301076,1909f56bfc062723c751e8b465ee728b)
Start importing Assets/_Sprites/TileSprites/Dirt_C_1.png using Guid(d5555922937c1504ea4effcde5e87c85) Importer(815301076,1909f56bfc062723c751e8b465ee728b)  -> (artifact id: '11b134ef04200b3590170dcd9ec9f8b3') in 0.023297 seconds 
========================================================================
Received Import Request.
  Time since last request: 16.607637 seconds.
  path: Assets/_Sprites/TileSprites/Dirt_C_1.png
  artifactKey: Guid(d5555922937c1504ea4effcde5e87c85) Importer(815301076,1909f56bfc062723c751e8b465ee728b)
Start importing Assets/_Sprites/TileSprites/Dirt_C_1.png using Guid(d5555922937c1504ea4effcde5e87c85) Importer(815301076,1909f56bfc062723c751e8b465ee728b)  -> (artifact id: '5ec6253acc8325ac203b3fb1652a5958') in 0.023331 seconds 
========================================================================
Received Import Request.
  Time since last request: 7.169736 seconds.
  path: Assets/_Sprites/TileSprites/Dirt_D_2.png
  artifactKey: Guid(fe1c4ec303b1b19409013c95fe9dca9d) Importer(815301076,1909f56bfc062723c751e8b465ee728b)
Start importing Assets/_Sprites/TileSprites/Dirt_D_2.png using Guid(fe1c4ec303b1b19409013c95fe9dca9d) Importer(815301076,1909f56bfc062723c751e8b465ee728b)  -> (artifact id: '769719186919ef92d4a46c901e4859db') in 0.019079 seconds 
========================================================================
Received Import Request.
  Time since last request: 11.268858 seconds.
  path: Assets/_Tiles_Own/DirtC.asset
  artifactKey: Guid(ee6429080da1eda49836d83408a234d4) Importer(815301076,1909f56bfc062723c751e8b465ee728b)
Start importing Assets/_Tiles_Own/DirtC.asset using Guid(ee6429080da1eda49836d83408a234d4) Importer(815301076,1909f56bfc062723c751e8b465ee728b)  -> (artifact id: '95459d837e20f08dd3c18b997aaf1cfd') in 0.010394 seconds 
========================================================================
Received Import Request.
  Time since last request: 10.697876 seconds.
  path: Assets/_Tiles_Own/DirtD.asset
  artifactKey: Guid(ecdc5dc708790b644a3e55baba897764) Importer(815301076,1909f56bfc062723c751e8b465ee728b)
Start importing Assets/_Tiles_Own/DirtD.asset using Guid(ecdc5dc708790b644a3e55baba897764) Importer(815301076,1909f56bfc062723c751e8b465ee728b)  -> (artifact id: '1d1742f925ae311d767542d094403321') in 0.007980 seconds 
========================================================================
Received Import Request.
  Time since last request: 6.373521 seconds.
  path: Assets/_Sprites/TileSprites/Dirt
  artifactKey: Guid(be9ce068edb9d64448efbc2dc27e65dd) Importer(815301076,1909f56bfc062723c751e8b465ee728b)
Start importing Assets/_Sprites/TileSprites/Dirt using Guid(be9ce068edb9d64448efbc2dc27e65dd) Importer(815301076,1909f56bfc062723c751e8b465ee728b)  -> (artifact id: '028f6e4a54a3910d08ab214d3f99c3f0') in 0.007997 seconds 
========================================================================
Received Import Request.
  Time since last request: 17.912751 seconds.
  path: Assets/_Sprites/TileSprites/Dirt/Dirt_A_1.png
  artifactKey: Guid(c76ab966e5825844ea9c8cbddc600d7c) Importer(815301076,1909f56bfc062723c751e8b465ee728b)
Start importing Assets/_Sprites/TileSprites/Dirt/Dirt_A_1.png using Guid(c76ab966e5825844ea9c8cbddc600d7c) Importer(815301076,1909f56bfc062723c751e8b465ee728b)  -> (artifact id: '19f37043c964ef49e1284274af9c2629') in 0.023834 seconds 
========================================================================
Received Import Request.
  Time since last request: 8.088763 seconds.
  path: Assets/_Sprites/TileSprites/Dirt/Dirt_A_2.png
  artifactKey: Guid(0ebe62a7be2b92546b17199ce9afb42e) Importer(815301076,1909f56bfc062723c751e8b465ee728b)
Start importing Assets/_Sprites/TileSprites/Dirt/Dirt_A_2.png using Guid(0ebe62a7be2b92546b17199ce9afb42e) Importer(815301076,1909f56bfc062723c751e8b465ee728b)  -> (artifact id: '1891606523e530f17878a16fcded6d52') in 0.026251 seconds 
========================================================================
Received Import Request.
  Time since last request: 8.457785 seconds.
  path: Assets/_Sprites/TileSprites/Dirt/Dirt_A_3.png
  artifactKey: Guid(bec53fdd72338e748bf802fd3c58a2b5) Importer(815301076,1909f56bfc062723c751e8b465ee728b)
Start importing Assets/_Sprites/TileSprites/Dirt/Dirt_A_3.png using Guid(bec53fdd72338e748bf802fd3c58a2b5) Importer(815301076,1909f56bfc062723c751e8b465ee728b)  -> (artifact id: 'c0ec61c52838e71d9b72f8b177993dcb') in 0.025725 seconds 
========================================================================
Received Import Request.
  Time since last request: 8.717418 seconds.
  path: Assets/_Sprites/TileSprites/Dirt/Dirt_C_2.png
  artifactKey: Guid(0a744773bb77a4e4c853b70e06bb8cdd) Importer(815301076,1909f56bfc062723c751e8b465ee728b)
Start importing Assets/_Sprites/TileSprites/Dirt/Dirt_C_2.png using Guid(0a744773bb77a4e4c853b70e06bb8cdd) Importer(815301076,1909f56bfc062723c751e8b465ee728b)  -> (artifact id: '04fe676e5806ca5241feb82ca728fd35') in 0.027347 seconds 
========================================================================
Received Import Request.
  Time since last request: 0.000358 seconds.
  path: Assets/_Sprites/TileSprites/Dirt/Dirt_D_1.png
  artifactKey: Guid(98ba5696b9d394d468877b9693e399dd) Importer(815301076,1909f56bfc062723c751e8b465ee728b)
Start importing Assets/_Sprites/TileSprites/Dirt/Dirt_D_1.png using Guid(98ba5696b9d394d468877b9693e399dd) Importer(815301076,1909f56bfc062723c751e8b465ee728b)  -> (artifact id: '8d92895b33479bf31e01a354b535fe5e') in 0.027644 seconds 
========================================================================
Received Import Request.
  Time since last request: 0.000263 seconds.
  path: Assets/_Sprites/TileSprites/Dirt/Dirt_C_3.png
  artifactKey: Guid(863536e511f5cbd41871e868f592083a) Importer(815301076,1909f56bfc062723c751e8b465ee728b)
Start importing Assets/_Sprites/TileSprites/Dirt/Dirt_C_3.png using Guid(863536e511f5cbd41871e868f592083a) Importer(815301076,1909f56bfc062723c751e8b465ee728b)  -> (artifact id: 'd7fa8f3bb686c80609e6665c46dcd9d9') in 0.026173 seconds 
========================================================================
Received Import Request.
  Time since last request: 0.000373 seconds.
  path: Assets/_Sprites/TileSprites/Dirt/Dirt_D_3.png
  artifactKey: Guid(17d22dd98402b6e46aeb61d86471ca3e) Importer(815301076,1909f56bfc062723c751e8b465ee728b)
Start importing Assets/_Sprites/TileSprites/Dirt/Dirt_D_3.png using Guid(17d22dd98402b6e46aeb61d86471ca3e) Importer(815301076,1909f56bfc062723c751e8b465ee728b)  -> (artifact id: '12ba60ed90820fd9be4f3d602dc3bcc6') in 0.025232 seconds 
========================================================================
Received Import Request.
  Time since last request: 6.339057 seconds.
  path: Assets/ImportedAssets/IsoTiles/Low_Poly_Pixel_2D_Blocks_DevilsWorkShop_v04/Textures/assets_angled_pixel_16x16/isometric_angled_pixel_0000.png
  artifactKey: Guid(9e2286dc4c0cdec47b421f3c177b85ec) Importer(815301076,1909f56bfc062723c751e8b465ee728b)
Start importing Assets/ImportedAssets/IsoTiles/Low_Poly_Pixel_2D_Blocks_DevilsWorkShop_v04/Textures/assets_angled_pixel_16x16/isometric_angled_pixel_0000.png using Guid(9e2286dc4c0cdec47b421f3c177b85ec) Importer(815301076,1909f56bfc062723c751e8b465ee728b)  -> (artifact id: 'fac3706dee6215c26dd9f62a7f753f90') in 0.077227 seconds 
========================================================================
Received Import Request.
  Time since last request: 0.000259 seconds.
  path: Assets/ImportedAssets/IsoTiles/Low_Poly_Pixel_2D_Blocks_DevilsWorkShop_v04/Textures/assets_angled_pixel_16x16/isometric_angled_pixel_0005.png
  artifactKey: Guid(014367d3cfc84de4c8b3aea80b9a2228) Importer(815301076,1909f56bfc062723c751e8b465ee728b)
Start importing Assets/ImportedAssets/IsoTiles/Low_Poly_Pixel_2D_Blocks_DevilsWorkShop_v04/Textures/assets_angled_pixel_16x16/isometric_angled_pixel_0005.png using Guid(014367d3cfc84de4c8b3aea80b9a2228) Importer(815301076,1909f56bfc062723c751e8b465ee728b)  -> (artifact id: '870cbd97d26a010e04422b175612201f') in 0.046143 seconds 
========================================================================
Received Import Request.
  Time since last request: 0.000323 seconds.
  path: Assets/ImportedAssets/IsoTiles/Low_Poly_Pixel_2D_Blocks_DevilsWorkShop_v04/Textures/assets_angled_pixel_16x16/isometric_angled_pixel_0007.png
  artifactKey: Guid(a3608d4bdaba98f478546a8d0507a6af) Importer(815301076,1909f56bfc062723c751e8b465ee728b)
Start importing Assets/ImportedAssets/IsoTiles/Low_Poly_Pixel_2D_Blocks_DevilsWorkShop_v04/Textures/assets_angled_pixel_16x16/isometric_angled_pixel_0007.png using Guid(a3608d4bdaba98f478546a8d0507a6af) Importer(815301076,1909f56bfc062723c751e8b465ee728b)  -> (artifact id: 'c1b70c96b023679c452d570a2e0e3647') in 0.057171 seconds 
========================================================================
Received Import Request.
  Time since last request: 0.000354 seconds.
  path: Assets/ImportedAssets/IsoTiles/Low_Poly_Pixel_2D_Blocks_DevilsWorkShop_v04/Textures/assets_angled_pixel_16x16/isometric_angled_pixel_0001.png
  artifactKey: Guid(cf177590370931b40b57011018533366) Importer(815301076,1909f56bfc062723c751e8b465ee728b)
Start importing Assets/ImportedAssets/IsoTiles/Low_Poly_Pixel_2D_Blocks_DevilsWorkShop_v04/Textures/assets_angled_pixel_16x16/isometric_angled_pixel_0001.png using Guid(cf177590370931b40b57011018533366) Importer(815301076,1909f56bfc062723c751e8b465ee728b)  -> (artifact id: '515704cd0ebdf6142100b35baeee5e97') in 0.040700 seconds 
========================================================================
Received Import Request.
  Time since last request: 0.000273 seconds.
  path: Assets/ImportedAssets/IsoTiles/Low_Poly_Pixel_2D_Blocks_DevilsWorkShop_v04/Textures/assets_angled_pixel_16x16/isometric_angled_pixel_0016.png
  artifactKey: Guid(0faba661ad0af7341b352eebd900b13f) Importer(815301076,1909f56bfc062723c751e8b465ee728b)
Start importing Assets/ImportedAssets/IsoTiles/Low_Poly_Pixel_2D_Blocks_DevilsWorkShop_v04/Textures/assets_angled_pixel_16x16/isometric_angled_pixel_0016.png using Guid(0faba661ad0af7341b352eebd900b13f) Importer(815301076,1909f56bfc062723c751e8b465ee728b)  -> (artifact id: '7e757035ef1b97a4091b5c542b73d736') in 0.027263 seconds 
========================================================================
Received Import Request.
  Time since last request: 0.000267 seconds.
  path: Assets/ImportedAssets/IsoTiles/Low_Poly_Pixel_2D_Blocks_DevilsWorkShop_v04/Textures/assets_angled_pixel_16x16/isometric_angled_pixel_0003.png
  artifactKey: Guid(bd54847597775ba46a07ebbcec571b47) Importer(815301076,1909f56bfc062723c751e8b465ee728b)
Start importing Assets/ImportedAssets/IsoTiles/Low_Poly_Pixel_2D_Blocks_DevilsWorkShop_v04/Textures/assets_angled_pixel_16x16/isometric_angled_pixel_0003.png using Guid(bd54847597775ba46a07ebbcec571b47) Importer(815301076,1909f56bfc062723c751e8b465ee728b)  -> (artifact id: '51868a4f9cbe8ac818a212fc872ba8eb') in 0.054639 seconds 
========================================================================
Received Import Request.
  Time since last request: 0.000331 seconds.
  path: Assets/ImportedAssets/IsoTiles/Low_Poly_Pixel_2D_Blocks_DevilsWorkShop_v04/Textures/assets_angled_pixel_16x16/isometric_angled_pixel_0011.png
  artifactKey: Guid(8ce4faaf5cc66534a8a959f1e004551d) Importer(815301076,1909f56bfc062723c751e8b465ee728b)
Start importing Assets/ImportedAssets/IsoTiles/Low_Poly_Pixel_2D_Blocks_DevilsWorkShop_v04/Textures/assets_angled_pixel_16x16/isometric_angled_pixel_0011.png using Guid(8ce4faaf5cc66534a8a959f1e004551d) Importer(815301076,1909f56bfc062723c751e8b465ee728b)  -> (artifact id: 'b541fd0a5d9af41fdddac97b2abb5273') in 0.060158 seconds 
========================================================================
Received Import Request.
  Time since last request: 0.000266 seconds.
  path: Assets/ImportedAssets/IsoTiles/Low_Poly_Pixel_2D_Blocks_DevilsWorkShop_v04/Textures/assets_angled_pixel_16x16/isometric_angled_pixel_0021.png
  artifactKey: Guid(d4272e42c757ed54db53989576c1927d) Importer(815301076,1909f56bfc062723c751e8b465ee728b)
Start importing Assets/ImportedAssets/IsoTiles/Low_Poly_Pixel_2D_Blocks_DevilsWorkShop_v04/Textures/assets_angled_pixel_16x16/isometric_angled_pixel_0021.png using Guid(d4272e42c757ed54db53989576c1927d) Importer(815301076,1909f56bfc062723c751e8b465ee728b)  -> (artifact id: '795435ac3ea00abbc56f426ef6db177d') in 0.046169 seconds 
========================================================================
Received Import Request.
  Time since last request: 0.000363 seconds.
  path: Assets/ImportedAssets/IsoTiles/Low_Poly_Pixel_2D_Blocks_DevilsWorkShop_v04/Textures/assets_angled_pixel_16x16/isometric_angled_pixel_0008.png
  artifactKey: Guid(43a81357cc0e5114f9891104fe01f10a) Importer(815301076,1909f56bfc062723c751e8b465ee728b)
Start importing Assets/ImportedAssets/IsoTiles/Low_Poly_Pixel_2D_Blocks_DevilsWorkShop_v04/Textures/assets_angled_pixel_16x16/isometric_angled_pixel_0008.png using Guid(43a81357cc0e5114f9891104fe01f10a) Importer(815301076,1909f56bfc062723c751e8b465ee728b)  -> (artifact id: '0392e236e4d260a64d0d93bea37d6eed') in 0.047188 seconds 
========================================================================
Received Import Request.
  Time since last request: 0.000334 seconds.
  path: Assets/ImportedAssets/IsoTiles/Low_Poly_Pixel_2D_Blocks_DevilsWorkShop_v04/Textures/assets_angled_pixel_16x16/isometric_angled_pixel_0020.png
  artifactKey: Guid(a311179e6de8dd14fa1e35c461e0e576) Importer(815301076,1909f56bfc062723c751e8b465ee728b)
Start importing Assets/ImportedAssets/IsoTiles/Low_Poly_Pixel_2D_Blocks_DevilsWorkShop_v04/Textures/assets_angled_pixel_16x16/isometric_angled_pixel_0020.png using Guid(a311179e6de8dd14fa1e35c461e0e576) Importer(815301076,1909f56bfc062723c751e8b465ee728b)  -> (artifact id: '240ad5c083cac8f496ee51a8c63b1f39') in 0.028385 seconds 
========================================================================
Received Import Request.
  Time since last request: 0.000307 seconds.
  path: Assets/ImportedAssets/IsoTiles/Low_Poly_Pixel_2D_Blocks_DevilsWorkShop_v04/Textures/assets_angled_pixel_16x16/isometric_angled_pixel_0010.png
  artifactKey: Guid(49cfd56579dc8724792d99871ed22274) Importer(815301076,1909f56bfc062723c751e8b465ee728b)
Start importing Assets/ImportedAssets/IsoTiles/Low_Poly_Pixel_2D_Blocks_DevilsWorkShop_v04/Textures/assets_angled_pixel_16x16/isometric_angled_pixel_0010.png using Guid(49cfd56579dc8724792d99871ed22274) Importer(815301076,1909f56bfc062723c751e8b465ee728b)  -> (artifact id: 'ef2e6e3a99a462e83c1c6ad054eb4987') in 0.092668 seconds 
========================================================================
Received Import Request.
  Time since last request: 0.000262 seconds.
  path: Assets/ImportedAssets/IsoTiles/Low_Poly_Pixel_2D_Blocks_DevilsWorkShop_v04/Textures/assets_angled_pixel_16x16/isometric_angled_pixel_0013.png
  artifactKey: Guid(5f3198f554a6c5d478064d5d7faeba45) Importer(815301076,1909f56bfc062723c751e8b465ee728b)
Start importing Assets/ImportedAssets/IsoTiles/Low_Poly_Pixel_2D_Blocks_DevilsWorkShop_v04/Textures/assets_angled_pixel_16x16/isometric_angled_pixel_0013.png using Guid(5f3198f554a6c5d478064d5d7faeba45) Importer(815301076,1909f56bfc062723c751e8b465ee728b)  -> (artifact id: 'caad83c435f1bdc85be561d73a9f0da5') in 0.027735 seconds 
========================================================================
Received Import Request.
  Time since last request: 0.000271 seconds.
  path: Assets/ImportedAssets/IsoTiles/Low_Poly_Pixel_2D_Blocks_DevilsWorkShop_v04/Textures/assets_angled_pixel_16x16/isometric_angled_pixel_0014.png
  artifactKey: Guid(f463f31c77818e64a9fe789bd5fb300e) Importer(815301076,1909f56bfc062723c751e8b465ee728b)
Start importing Assets/ImportedAssets/IsoTiles/Low_Poly_Pixel_2D_Blocks_DevilsWorkShop_v04/Textures/assets_angled_pixel_16x16/isometric_angled_pixel_0014.png using Guid(f463f31c77818e64a9fe789bd5fb300e) Importer(815301076,1909f56bfc062723c751e8b465ee728b)  -> (artifact id: '33f519f280d9be2e5ef910145372d24b') in 0.036113 seconds 
========================================================================
Received Import Request.
  Time since last request: 0.000268 seconds.
  path: Assets/ImportedAssets/IsoTiles/Low_Poly_Pixel_2D_Blocks_DevilsWorkShop_v04/Textures/assets_angled_pixel_16x16/isometric_angled_pixel_0002.png
  artifactKey: Guid(7a843153b9ff9d34da0550ce0a5bddb6) Importer(815301076,1909f56bfc062723c751e8b465ee728b)
Start importing Assets/ImportedAssets/IsoTiles/Low_Poly_Pixel_2D_Blocks_DevilsWorkShop_v04/Textures/assets_angled_pixel_16x16/isometric_angled_pixel_0002.png using Guid(7a843153b9ff9d34da0550ce0a5bddb6) Importer(815301076,1909f56bfc062723c751e8b465ee728b)  -> (artifact id: 'ab975268a854957ef7587c75cac31d89') in 0.054974 seconds 
========================================================================
Received Import Request.
  Time since last request: 0.000338 seconds.
  path: Assets/ImportedAssets/IsoTiles/Low_Poly_Pixel_2D_Blocks_DevilsWorkShop_v04/Textures/assets_angled_pixel_16x16/isometric_angled_pixel_0006.png
  artifactKey: Guid(a373420a8bb7b4d4cb1f88c8e93db402) Importer(815301076,1909f56bfc062723c751e8b465ee728b)
Start importing Assets/ImportedAssets/IsoTiles/Low_Poly_Pixel_2D_Blocks_DevilsWorkShop_v04/Textures/assets_angled_pixel_16x16/isometric_angled_pixel_0006.png using Guid(a373420a8bb7b4d4cb1f88c8e93db402) Importer(815301076,1909f56bfc062723c751e8b465ee728b)  -> (artifact id: '679b4211325006860c3eba1f3cf390f8') in 0.049880 seconds 
========================================================================
Received Import Request.
  Time since last request: 0.000387 seconds.
  path: Assets/ImportedAssets/IsoTiles/Low_Poly_Pixel_2D_Blocks_DevilsWorkShop_v04/Textures/assets_angled_pixel_16x16/isometric_angled_pixel_0019.png
  artifactKey: Guid(e3774a417d99b7e4d863eaa4a91512d8) Importer(815301076,1909f56bfc062723c751e8b465ee728b)
Start importing Assets/ImportedAssets/IsoTiles/Low_Poly_Pixel_2D_Blocks_DevilsWorkShop_v04/Textures/assets_angled_pixel_16x16/isometric_angled_pixel_0019.png using Guid(e3774a417d99b7e4d863eaa4a91512d8) Importer(815301076,1909f56bfc062723c751e8b465ee728b)  -> (artifact id: '659a41e94ebbdc3a0045bddac39ec244') in 0.028376 seconds 
========================================================================
Received Import Request.
  Time since last request: 0.000281 seconds.
  path: Assets/ImportedAssets/IsoTiles/Low_Poly_Pixel_2D_Blocks_DevilsWorkShop_v04/Textures/assets_angled_pixel_16x16/isometric_angled_pixel_0009.png
  artifactKey: Guid(137c3b323c478df44a89a088a4282dcf) Importer(815301076,1909f56bfc062723c751e8b465ee728b)
Start importing Assets/ImportedAssets/IsoTiles/Low_Poly_Pixel_2D_Blocks_DevilsWorkShop_v04/Textures/assets_angled_pixel_16x16/isometric_angled_pixel_0009.png using Guid(137c3b323c478df44a89a088a4282dcf) Importer(815301076,1909f56bfc062723c751e8b465ee728b)  -> (artifact id: '136d6c770c6d7de608bb3df653f63e15') in 0.069333 seconds 
========================================================================
Received Import Request.
  Time since last request: 0.000280 seconds.
  path: Assets/ImportedAssets/IsoTiles/Low_Poly_Pixel_2D_Blocks_DevilsWorkShop_v04/Textures/assets_angled_pixel_16x16/isometric_angled_pixel_0012.png
  artifactKey: Guid(19e5e40cd4d7dd04991cb8793b9d73da) Importer(815301076,1909f56bfc062723c751e8b465ee728b)
Start importing Assets/ImportedAssets/IsoTiles/Low_Poly_Pixel_2D_Blocks_DevilsWorkShop_v04/Textures/assets_angled_pixel_16x16/isometric_angled_pixel_0012.png using Guid(19e5e40cd4d7dd04991cb8793b9d73da) Importer(815301076,1909f56bfc062723c751e8b465ee728b)  -> (artifact id: 'd09f7912891a7bd46d1ba39d2daaa69b') in 0.054655 seconds 
========================================================================
Received Import Request.
  Time since last request: 0.000242 seconds.
  path: Assets/ImportedAssets/IsoTiles/Low_Poly_Pixel_2D_Blocks_DevilsWorkShop_v04/Textures/assets_angled_pixel_16x16/isometric_angled_pixel_0017.png
  artifactKey: Guid(f6252c42d41b1934580d3e52bd970269) Importer(815301076,1909f56bfc062723c751e8b465ee728b)
Start importing Assets/ImportedAssets/IsoTiles/Low_Poly_Pixel_2D_Blocks_DevilsWorkShop_v04/Textures/assets_angled_pixel_16x16/isometric_angled_pixel_0017.png using Guid(f6252c42d41b1934580d3e52bd970269) Importer(815301076,1909f56bfc062723c751e8b465ee728b)  -> (artifact id: 'a9def20028fe7e42e4a67bc935e03091') in 0.060750 seconds 
========================================================================
Received Import Request.
  Time since last request: 0.000293 seconds.
  path: Assets/ImportedAssets/IsoTiles/Low_Poly_Pixel_2D_Blocks_DevilsWorkShop_v04/Textures/assets_angled_pixel_16x16/isometric_angled_pixel_0015.png
  artifactKey: Guid(83e71fd360ffde040ba6bc502a78acd3) Importer(815301076,1909f56bfc062723c751e8b465ee728b)
Start importing Assets/ImportedAssets/IsoTiles/Low_Poly_Pixel_2D_Blocks_DevilsWorkShop_v04/Textures/assets_angled_pixel_16x16/isometric_angled_pixel_0015.png using Guid(83e71fd360ffde040ba6bc502a78acd3) Importer(815301076,1909f56bfc062723c751e8b465ee728b)  -> (artifact id: 'a3879aaed24c62c41d691a5e2a937aed') in 0.022994 seconds 
========================================================================
Received Import Request.
  Time since last request: 0.000315 seconds.
  path: Assets/ImportedAssets/IsoTiles/Low_Poly_Pixel_2D_Blocks_DevilsWorkShop_v04/Textures/assets_angled_pixel_16x16/isometric_angled_pixel_0018.png
  artifactKey: Guid(45c6b525743d31243a4082b0c8c2c543) Importer(815301076,1909f56bfc062723c751e8b465ee728b)
Start importing Assets/ImportedAssets/IsoTiles/Low_Poly_Pixel_2D_Blocks_DevilsWorkShop_v04/Textures/assets_angled_pixel_16x16/isometric_angled_pixel_0018.png using Guid(45c6b525743d31243a4082b0c8c2c543) Importer(815301076,1909f56bfc062723c751e8b465ee728b)  -> (artifact id: '9895ea6861e220ed4ac4173341ba1f89') in 0.026727 seconds 
========================================================================
Received Import Request.
  Time since last request: 0.000274 seconds.
  path: Assets/ImportedAssets/IsoTiles/Low_Poly_Pixel_2D_Blocks_DevilsWorkShop_v04/Textures/assets_angled_pixel_16x16/isometric_angled_pixel_0004.png
  artifactKey: Guid(2f2f2e85c150b7246b957c1c1bfcb1ca) Importer(815301076,1909f56bfc062723c751e8b465ee728b)
Start importing Assets/ImportedAssets/IsoTiles/Low_Poly_Pixel_2D_Blocks_DevilsWorkShop_v04/Textures/assets_angled_pixel_16x16/isometric_angled_pixel_0004.png using Guid(2f2f2e85c150b7246b957c1c1bfcb1ca) Importer(815301076,1909f56bfc062723c751e8b465ee728b)  -> (artifact id: 'eceb76aafc65a32d77e1508c72306e8e') in 0.024646 seconds 
========================================================================
Received Prepare
Registering precompiled user dll's ...
Registered in 0.008963 seconds.
Begin MonoManager ReloadAssembly
Symbol file LoadedFromMemory doesn't match image D:\UnityProjects\ColonyGame\Library\PackageCache\com.unity.visualscripting@1.6.1\Editor\VisualScripting.Core\Dependencies\YamlDotNet\Unity.VisualScripting.YamlDotNet.dll
Symbol file LoadedFromMemory doesn't match image D:\UnityProjects\ColonyGame\Library\PackageCache\com.unity.visualscripting@1.6.1\Editor\VisualScripting.Core\Dependencies\DotNetZip\Unity.VisualScripting.IonicZip.dll
Native extension for WindowsStandalone target not found
Refreshing native plugins compatible for Editor in 3.08 ms, found 4 plugins.
Preloading 0 native plugins for Editor in 0.00 ms.
Mono: successfully reloaded assembly
- Completed reload, in  2.273 seconds
Domain Reload Profiling:
	ReloadAssembly (2273ms)
		BeginReloadAssembly (222ms)
			ExecutionOrderSort (0ms)
			DisableScriptedObjects (14ms)
			BackupInstance (0ms)
			ReleaseScriptingObjects (0ms)
			CreateAndSetChildDomain (78ms)
		EndReloadAssembly (1944ms)
			LoadAssemblies (187ms)
			RebuildTransferFunctionScriptingTraits (0ms)
			SetupTypeCache (730ms)
			ReleaseScriptCaches (3ms)
			RebuildScriptCaches (99ms)
			SetupLoadedEditorAssemblies (677ms)
				LogAssemblyErrors (0ms)
				InitializePlatformSupportModulesInManaged (8ms)
				SetLoadedEditorAssemblies (1ms)
				RefreshPlugins (3ms)
				BeforeProcessingInitializeOnLoad (127ms)
				ProcessInitializeOnLoadAttributes (515ms)
				ProcessInitializeOnLoadMethodAttributes (17ms)
				AfterProcessingInitializeOnLoad (5ms)
				EditorAssembliesLoaded (1ms)
			ExecutionOrderSort2 (0ms)
			AwakeInstancesAfterBackupRestoration (40ms)
Platform modules already initialized, skipping
Refreshing native plugins compatible for Editor in 2.47 ms, found 4 plugins.
Preloading 0 native plugins for Editor in 0.00 ms.
Unloading 5202 Unused Serialized files (Serialized files now loaded: 0)
System memory in use before: 239.9 MB.
System memory in use after: 240.4 MB.

Unloading 19 unused Assets to reduce memory usage. Loaded Objects now: 6373.
Total: 8.582200 ms (FindLiveObjects: 0.632600 ms CreateObjectMapping: 0.539100 ms MarkObjects: 7.380800 ms  DeleteObjects: 0.027900 ms)

AssetImportParameters requested are different than current active one (requested -> active):
  custom:framework-win-MediaFoundation: 216162199b28c13a410421893ffa2e32 -> 
  custom:video-decoder-ogg-theora: a1e56fd34408186e4bbccfd4996cb3dc -> 
  custom:container-muxer-webm: aa71ff27fc2769a1b78a27578f13a17b -> 
  custom:container-demuxer-webm: 4f35f7cbe854078d1ac9338744f61a02 -> 
  custom:container-demuxer-ogg: 62fdf1f143b41e24485cea50d1cbac27 -> 
  custom:video-encoder-webm-vp8: eb34c28f22e8b96e1ab97ce403110664 -> 
  custom:video-decoder-webm-vp8: 9c59270c3fd7afecdb556c50c9e8de78 -> 
  custom:audio-decoder-ogg-vorbis: bf7c407c2cedff20999df2af8eb42d56 -> 
  custom:audio-encoder-webm-vorbis: bf7c407c2cedff20999df2af8eb42d56 -> 
AssetImportWorkerClient::OnTransportError - code=2 error=End of file
